# JRE version: Java(TM) SE Runtime Environment (8.0_65-b17) (build 1.8.0_65-b17)
# Java VM: Java HotSpot(TM) 64-Bit Server VM (25.65-b01 mixed mode bsd-amd64 compressed oops)
Heap:
 PSYoungGen      total 171520K, used 54746K [0x00000007aab00000, 0x00000007bff00000, 0x00000007c0000000)
  eden space 116736K, 0% used [0x00000007aab00000,0x00000007aab00000,0x00000007b1d00000)
  from space 54784K, 99% used [0x00000007b1d00000,0x00000007b5276868,0x00000007b5280000)
  to   space 115712K, 0% used [0x00000007b8e00000,0x00000007b8e00000,0x00000007bff00000)
 ParOldGen       total 490496K, used 435185K [0x0000000780000000, 0x000000079df00000, 0x00000007aab00000)
  object space 490496K, 88% used [0x0000000780000000,0x000000079a8fc680,0x000000079df00000)
 Metaspace       used 6612K, capacity 7320K, committed 7680K, reserved 1056768K
  class space    used 619K, capacity 656K, committed 768K, reserved 1048576K
GC Heap History (10 events):
Event: 18.520 GC heap after
Heap after GC invocations=26 (full 3):
 PSYoungGen      total 227840K, used 73273K [0x00000007aab00000, 0x00000007c0000000, 0x00000007c0000000)
  eden space 120832K, 0% used [0x00000007aab00000,0x00000007aab00000,0x00000007b2100000)
  from space 107008K, 68% used [0x00000007b2100000,0x00000007b688e730,0x00000007b8980000)
  to   space 110080K, 0% used [0x00000007b9480000,0x00000007b9480000,0x00000007c0000000)
 ParOldGen       total 490496K, used 344944K [0x0000000780000000, 0x000000079df00000, 0x00000007aab00000)
  object space 490496K, 70% used [0x0000000780000000,0x00000007950dc108,0x000000079df00000)
 Metaspace       used 6610K, capacity 7320K, committed 7680K, reserved 1056768K
  class space    used 619K, capacity 656K, committed 768K, reserved 1048576K
}
Event: 18.878 GC heap before
{Heap before GC invocations=27 (full 3):
 PSYoungGen      total 227840K, used 194105K [0x00000007aab00000, 0x00000007c0000000, 0x00000007c0000000)
  eden space 120832K, 100% used [0x00000007aab00000,0x00000007b2100000,0x00000007b2100000)
  from space 107008K, 68% used [0x00000007b2100000,0x00000007b688e730,0x00000007b8980000)
  to   space 110080K, 0% used [0x00000007b9480000,0x00000007b9480000,0x00000007c0000000)
 ParOldGen       total 490496K, used 344944K [0x0000000780000000, 0x000000079df00000, 0x00000007aab00000)
  object space 490496K, 70% used [0x0000000780000000,0x00000007950dc108,0x000000079df00000)
 Metaspace       used 6611K, capacity 7320K, committed 7680K, reserved 1056768K
  class space    used 619K, capacity 656K, committed 768K, reserved 1048576K
Event: 19.003 GC heap after
Heap after GC invocations=27 (full 3):
 PSYoungGen      total 226816K, used 91222K [0x00000007aab00000, 0x00000007c0000000, 0x00000007c0000000)
  eden space 116736K, 0% used [0x00000007aab00000,0x00000007aab00000,0x00000007b1d00000)
  from space 110080K, 82% used [0x00000007b9480000,0x00000007bed95878,0x00000007c0000000)
  to   space 116224K, 0% used [0x00000007b1d00000,0x00000007b1d00000,0x00000007b8e80000)
 ParOldGen       total 490496K, used 344944K [0x0000000780000000, 0x000000079df00000, 0x00000007aab00000)
  object space 490496K, 70% used [0x0000000780000000,0x00000007950dc108,0x000000079df00000)
 Metaspace       used 6611K, capacity 7320K, committed 7680K, reserved 1056768K
  class space    used 619K, capacity 656K, committed 768K, reserved 1048576K
}
Event: 19.322 GC heap before
{Heap before GC invocations=28 (full 3):
 PSYoungGen      total 226816K, used 207958K [0x00000007aab00000, 0x00000007c0000000, 0x00000007c0000000)
  eden space 116736K, 100% used [0x00000007aab00000,0x00000007b1d00000,0x00000007b1d00000)
  from space 110080K, 82% used [0x00000007b9480000,0x00000007bed95878,0x00000007c0000000)
  to   space 116224K, 0% used [0x00000007b1d00000,0x00000007b1d00000,0x00000007b8e80000)
 ParOldGen       total 490496K, used 344944K [0x0000000780000000, 0x000000079df00000, 0x00000007aab00000)
  object space 490496K, 70% used [0x0000000780000000,0x00000007950dc108,0x000000079df00000)
 Metaspace       used 6611K, capacity 7320K, committed 7680K, reserved 1056768K
  class space    used 619K, capacity 656K, committed 768K, reserved 1048576K
Event: 19.503 GC heap after
Heap after GC invocations=28 (full 3):
 PSYoungGen      total 232960K, used 83934K [0x00000007aab00000, 0x00000007c0000000, 0x00000007c0000000)
  eden space 116736K, 0% used [0x00000007aab00000,0x00000007aab00000,0x00000007b1d00000)
  from space 116224K, 72% used [0x00000007b1d00000,0x00000007b6ef7bc8,0x00000007b8e80000)
  to   space 116224K, 0% used [0x00000007b8e80000,0x00000007b8e80000,0x00000007c0000000)
 ParOldGen       total 490496K, used 370196K [0x0000000780000000, 0x000000079df00000, 0x00000007aab00000)
  object space 490496K, 75% used [0x0000000780000000,0x00000007969853e8,0x000000079df00000)
 Metaspace       used 6611K, capacity 7320K, committed 7680K, reserved 1056768K
  class space    used 619K, capacity 656K, committed 768K, reserved 1048576K
}
Event: 19.811 GC heap before
{Heap before GC invocations=29 (full 3):
 PSYoungGen      total 232960K, used 200670K [0x00000007aab00000, 0x00000007c0000000, 0x00000007c0000000)
  eden space 116736K, 100% used [0x00000007aab00000,0x00000007b1d00000,0x00000007b1d00000)
  from space 116224K, 72% used [0x00000007b1d00000,0x00000007b6ef7bc8,0x00000007b8e80000)
  to   space 116224K, 0% used [0x00000007b8e80000,0x00000007b8e80000,0x00000007c0000000)
 ParOldGen       total 490496K, used 370196K [0x0000000780000000, 0x000000079df00000, 0x00000007aab00000)
  object space 490496K, 75% used [0x0000000780000000,0x00000007969853e8,0x000000079df00000)
 Metaspace       used 6612K, capacity 7320K, committed 7680K, reserved 1056768K
  class space    used 619K, capacity 656K, committed 768K, reserved 1048576K
Event: 19.958 GC heap after
Heap after GC invocations=29 (full 3):
 PSYoungGen      total 232960K, used 70064K [0x00000007aab00000, 0x00000007c0000000, 0x00000007c0000000)
  eden space 116736K, 0% used [0x00000007aab00000,0x00000007aab00000,0x00000007b1d00000)
  from space 116224K, 60% used [0x00000007b8e80000,0x00000007bd2ec1c0,0x00000007c0000000)
  to   space 116224K, 0% used [0x00000007b1d00000,0x00000007b1d00000,0x00000007b8e80000)
 ParOldGen       total 490496K, used 401451K [0x0000000780000000, 0x000000079df00000, 0x00000007aab00000)
  object space 490496K, 81% used [0x0000000780000000,0x000000079880ace0,0x000000079df00000)
 Metaspace       used 6612K, capacity 7320K, committed 7680K, reserved 1056768K
  class space    used 619K, capacity 656K, committed 768K, reserved 1048576K
}
Event: 20.310 GC heap before
{Heap before GC invocations=30 (full 3):
 PSYoungGen      total 232960K, used 186800K [0x00000007aab00000, 0x00000007c0000000, 0x00000007c0000000)
  eden space 116736K, 100% used [0x00000007aab00000,0x00000007b1d00000,0x00000007b1d00000)
  from space 116224K, 60% used [0x00000007b8e80000,0x00000007bd2ec1c0,0x00000007c0000000)
  to   space 116224K, 0% used [0x00000007b1d00000,0x00000007b1d00000,0x00000007b8e80000)
 ParOldGen       total 490496K, used 401451K [0x0000000780000000, 0x000000079df00000, 0x00000007aab00000)
  object space 490496K, 81% used [0x0000000780000000,0x000000079880ace0,0x000000079df00000)
 Metaspace       used 6612K, capacity 7320K, committed 7680K, reserved 1056768K
  class space    used 619K, capacity 656K, committed 768K, reserved 1048576K
Event: 20.437 GC heap after
Heap after GC invocations=30 (full 3):
 PSYoungGen      total 171520K, used 54746K [0x00000007aab00000, 0x00000007bff00000, 0x00000007c0000000)
  eden space 116736K, 0% used [0x00000007aab00000,0x00000007aab00000,0x00000007b1d00000)
  from space 54784K, 99% used [0x00000007b1d00000,0x00000007b5276868,0x00000007b5280000)
  to   space 115712K, 0% used [0x00000007b8e00000,0x00000007b8e00000,0x00000007bff00000)
 ParOldGen       total 490496K, used 435185K [0x0000000780000000, 0x000000079df00000, 0x00000007aab00000)
  object space 490496K, 88% used [0x0000000780000000,0x000000079a8fc680,0x000000079df00000)
 Metaspace       used 6612K, capacity 7320K, committed 7680K, reserved 1056768K
  class space    used 619K, capacity 656K, committed 768K, reserved 1048576K
}
Event: 20.437 GC heap before
{Heap before GC invocations=31 (full 4):
 PSYoungGen      total 171520K, used 54746K [0x00000007aab00000, 0x00000007bff00000, 0x00000007c0000000)
  eden space 116736K, 0% used [0x00000007aab00000,0x00000007aab00000,0x00000007b1d00000)
  from space 54784K, 99% used [0x00000007b1d00000,0x00000007b5276868,0x00000007b5280000)
  to   space 115712K, 0% used [0x00000007b8e00000,0x00000007b8e00000,0x00000007bff00000)
 ParOldGen       total 490496K, used 435185K [0x0000000780000000, 0x000000079df00000, 0x00000007aab00000)
  object space 490496K, 88% used [0x0000000780000000,0x000000079a8fc680,0x000000079df00000)
 Metaspace       used 6612K, capacity 7320K, committed 7680K, reserved 1056768K
  class space    used 619K, capacity 656K, committed 768K, reserved 1048576K

